Copyright 1986-2017 Xilinx, Inc. All Rights Reserved.
------------------------------------------------------------------------------------
| Tool Version : Vivado v.2017.4 (win64) Build 2086221 Fri Dec 15 20:55:39 MST 2017
| Date         : Sat Jan 20 19:56:05 2018
| Host         : Del_Alienware running 64-bit Service Pack 1  (build 7601)
| Command      : upgrade_ip
| Device       : xc7z020clg484-1
------------------------------------------------------------------------------------

Upgrade Log for IP 'Top_mandel_engine_7_0'

1. Summary
----------

SUCCESS in the upgrade of Top_mandel_engine_7_0 (xilinx.com:hls:mandel_engine:1.0) from (Rev. 1801201152) to (Rev. 1801201952)






Copyright 1986-2017 Xilinx, Inc. All Rights Reserved.
------------------------------------------------------------------------------------
| Tool Version : Vivado v.2017.4 (win64) Build 2086221 Fri Dec 15 20:55:39 MST 2017
| Date         : Sat Jan 20 19:56:05 2018
| Host         : Del_Alienware running 64-bit Service Pack 1  (build 7601)
| Command      : upgrade_ip
| Device       : xc7z020clg484-1
------------------------------------------------------------------------------------

Upgrade Log for IP 'Top_mandel_engine_6_0'

1. Summary
----------

SUCCESS in the upgrade of Top_mandel_engine_6_0 (xilinx.com:hls:mandel_engine:1.0) from (Rev. 1801201152) to (Rev. 1801201952)






Copyright 1986-2017 Xilinx, Inc. All Rights Reserved.
------------------------------------------------------------------------------------
| Tool Version : Vivado v.2017.4 (win64) Build 2086221 Fri Dec 15 20:55:39 MST 2017
| Date         : Sat Jan 20 19:56:05 2018
| Host         : Del_Alienware running 64-bit Service Pack 1  (build 7601)
| Command      : upgrade_ip
| Device       : xc7z020clg484-1
------------------------------------------------------------------------------------

Upgrade Log for IP 'Top_mandel_engine_5_0'

1. Summary
----------

SUCCESS in the upgrade of Top_mandel_engine_5_0 (xilinx.com:hls:mandel_engine:1.0) from (Rev. 1801201152) to (Rev. 1801201952)






Copyright 1986-2017 Xilinx, Inc. All Rights Reserved.
------------------------------------------------------------------------------------
| Tool Version : Vivado v.2017.4 (win64) Build 2086221 Fri Dec 15 20:55:39 MST 2017
| Date         : Sat Jan 20 19:56:05 2018
| Host         : Del_Alienware running 64-bit Service Pack 1  (build 7601)
| Command      : upgrade_ip
| Device       : xc7z020clg484-1
------------------------------------------------------------------------------------

Upgrade Log for IP 'Top_mandel_engine_4_0'

1. Summary
----------

SUCCESS in the upgrade of Top_mandel_engine_4_0 (xilinx.com:hls:mandel_engine:1.0) from (Rev. 1801201152) to (Rev. 1801201952)






Copyright 1986-2017 Xilinx, Inc. All Rights Reserved.
------------------------------------------------------------------------------------
| Tool Version : Vivado v.2017.4 (win64) Build 2086221 Fri Dec 15 20:55:39 MST 2017
| Date         : Sat Jan 20 19:56:05 2018
| Host         : Del_Alienware running 64-bit Service Pack 1  (build 7601)
| Command      : upgrade_ip
| Device       : xc7z020clg484-1
------------------------------------------------------------------------------------

Upgrade Log for IP 'Top_mandel_engine_3_0'

1. Summary
----------

SUCCESS in the upgrade of Top_mandel_engine_3_0 (xilinx.com:hls:mandel_engine:1.0) from (Rev. 1801201152) to (Rev. 1801201952)






Copyright 1986-2017 Xilinx, Inc. All Rights Reserved.
------------------------------------------------------------------------------------
| Tool Version : Vivado v.2017.4 (win64) Build 2086221 Fri Dec 15 20:55:39 MST 2017
| Date         : Sat Jan 20 19:56:05 2018
| Host         : Del_Alienware running 64-bit Service Pack 1  (build 7601)
| Command      : upgrade_ip
| Device       : xc7z020clg484-1
------------------------------------------------------------------------------------

Upgrade Log for IP 'Top_mandel_engine_2_0'

1. Summary
----------

SUCCESS in the upgrade of Top_mandel_engine_2_0 (xilinx.com:hls:mandel_engine:1.0) from (Rev. 1801201152) to (Rev. 1801201952)






Copyright 1986-2017 Xilinx, Inc. All Rights Reserved.
------------------------------------------------------------------------------------
| Tool Version : Vivado v.2017.4 (win64) Build 2086221 Fri Dec 15 20:55:39 MST 2017
| Date         : Sat Jan 20 19:56:05 2018
| Host         : Del_Alienware running 64-bit Service Pack 1  (build 7601)
| Command      : upgrade_ip
| Device       : xc7z020clg484-1
------------------------------------------------------------------------------------

Upgrade Log for IP 'Top_mandel_engine_1_0'

1. Summary
----------

SUCCESS in the upgrade of Top_mandel_engine_1_0 (xilinx.com:hls:mandel_engine:1.0) from (Rev. 1801201152) to (Rev. 1801201952)






Copyright 1986-2017 Xilinx, Inc. All Rights Reserved.
------------------------------------------------------------------------------------
| Tool Version : Vivado v.2017.4 (win64) Build 2086221 Fri Dec 15 20:55:39 MST 2017
| Date         : Sat Jan 20 19:56:05 2018
| Host         : Del_Alienware running 64-bit Service Pack 1  (build 7601)
| Command      : upgrade_ip
| Device       : xc7z020clg484-1
------------------------------------------------------------------------------------

Upgrade Log for IP 'Top_mandel_engine_0_0'

1. Summary
----------

SUCCESS in the upgrade of Top_mandel_engine_0_0 (xilinx.com:hls:mandel_engine:1.0) from (Rev. 1801201152) to (Rev. 1801201952)






Copyright 1986-2017 Xilinx, Inc. All Rights Reserved.
------------------------------------------------------------------------------------
| Tool Version : Vivado v.2017.4 (win64) Build 2086221 Fri Dec 15 20:55:39 MST 2017
| Date         : Sat Jan 20 13:51:23 2018
| Host         : Del_Alienware running 64-bit Service Pack 1  (build 7601)
| Command      : upgrade_ip
| Device       : xc7z020clg484-1
------------------------------------------------------------------------------------

Upgrade Log for IP 'Top_mandel_engine_3_0'

1. Summary
----------

SUCCESS in the upgrade of Top_mandel_engine_3_0 (xilinx.com:hls:mandel_engine:1.0) from (Rev. 1801201255) to (Rev. 1801201152)






Copyright 1986-2017 Xilinx, Inc. All Rights Reserved.
------------------------------------------------------------------------------------
| Tool Version : Vivado v.2017.4 (win64) Build 2086221 Fri Dec 15 20:55:39 MST 2017
| Date         : Sat Jan 20 13:51:23 2018
| Host         : Del_Alienware running 64-bit Service Pack 1  (build 7601)
| Command      : upgrade_ip
| Device       : xc7z020clg484-1
------------------------------------------------------------------------------------

Upgrade Log for IP 'Top_mandel_engine_2_0'

1. Summary
----------

SUCCESS in the upgrade of Top_mandel_engine_2_0 (xilinx.com:hls:mandel_engine:1.0) from (Rev. 1801201255) to (Rev. 1801201152)






Copyright 1986-2017 Xilinx, Inc. All Rights Reserved.
------------------------------------------------------------------------------------
| Tool Version : Vivado v.2017.4 (win64) Build 2086221 Fri Dec 15 20:55:39 MST 2017
| Date         : Sat Jan 20 13:51:23 2018
| Host         : Del_Alienware running 64-bit Service Pack 1  (build 7601)
| Command      : upgrade_ip
| Device       : xc7z020clg484-1
------------------------------------------------------------------------------------

Upgrade Log for IP 'Top_mandel_engine_1_0'

1. Summary
----------

SUCCESS in the upgrade of Top_mandel_engine_1_0 (xilinx.com:hls:mandel_engine:1.0) from (Rev. 1801201255) to (Rev. 1801201152)






Copyright 1986-2017 Xilinx, Inc. All Rights Reserved.
------------------------------------------------------------------------------------
| Tool Version : Vivado v.2017.4 (win64) Build 2086221 Fri Dec 15 20:55:39 MST 2017
| Date         : Sat Jan 20 13:51:23 2018
| Host         : Del_Alienware running 64-bit Service Pack 1  (build 7601)
| Command      : upgrade_ip
| Device       : xc7z020clg484-1
------------------------------------------------------------------------------------

Upgrade Log for IP 'Top_mandel_engine_0_0'

1. Summary
----------

SUCCESS in the upgrade of Top_mandel_engine_0_0 (xilinx.com:hls:mandel_engine:1.0) from (Rev. 1801201255) to (Rev. 1801201152)






Copyright 1986-2017 Xilinx, Inc. All Rights Reserved.
------------------------------------------------------------------------------------
| Tool Version : Vivado v.2017.4 (win64) Build 2086221 Fri Dec 15 20:55:39 MST 2017
| Date         : Sat Jan 20 12:59:44 2018
| Host         : Del_Alienware running 64-bit Service Pack 1  (build 7601)
| Command      : upgrade_ip
| Device       : xc7z020clg484-1
------------------------------------------------------------------------------------

Upgrade Log for IP 'Top_mandel_engine_3_0'

1. Summary
----------

SUCCESS in the upgrade of Top_mandel_engine_3_0 (xilinx.com:hls:mandel_engine:1.0) from (Rev. 1801201152) to (Rev. 1801201255)






Copyright 1986-2017 Xilinx, Inc. All Rights Reserved.
------------------------------------------------------------------------------------
| Tool Version : Vivado v.2017.4 (win64) Build 2086221 Fri Dec 15 20:55:39 MST 2017
| Date         : Sat Jan 20 12:59:44 2018
| Host         : Del_Alienware running 64-bit Service Pack 1  (build 7601)
| Command      : upgrade_ip
| Device       : xc7z020clg484-1
------------------------------------------------------------------------------------

Upgrade Log for IP 'Top_mandel_engine_2_0'

1. Summary
----------

SUCCESS in the upgrade of Top_mandel_engine_2_0 (xilinx.com:hls:mandel_engine:1.0) from (Rev. 1801201152) to (Rev. 1801201255)






Copyright 1986-2017 Xilinx, Inc. All Rights Reserved.
------------------------------------------------------------------------------------
| Tool Version : Vivado v.2017.4 (win64) Build 2086221 Fri Dec 15 20:55:39 MST 2017
| Date         : Sat Jan 20 12:59:44 2018
| Host         : Del_Alienware running 64-bit Service Pack 1  (build 7601)
| Command      : upgrade_ip
| Device       : xc7z020clg484-1
------------------------------------------------------------------------------------

Upgrade Log for IP 'Top_mandel_engine_1_0'

1. Summary
----------

SUCCESS in the upgrade of Top_mandel_engine_1_0 (xilinx.com:hls:mandel_engine:1.0) from (Rev. 1801201152) to (Rev. 1801201255)






Copyright 1986-2017 Xilinx, Inc. All Rights Reserved.
------------------------------------------------------------------------------------
| Tool Version : Vivado v.2017.4 (win64) Build 2086221 Fri Dec 15 20:55:39 MST 2017
| Date         : Sat Jan 20 12:59:44 2018
| Host         : Del_Alienware running 64-bit Service Pack 1  (build 7601)
| Command      : upgrade_ip
| Device       : xc7z020clg484-1
------------------------------------------------------------------------------------

Upgrade Log for IP 'Top_mandel_engine_0_0'

1. Summary
----------

SUCCESS in the upgrade of Top_mandel_engine_0_0 (xilinx.com:hls:mandel_engine:1.0) from (Rev. 1801201152) to (Rev. 1801201255)

